<?xml version="1.0" encoding="UTF-8"?>
<coverage generated="1747610032484" clover="3.2.0">
  <project timestamp="1747610032484" name="All files">
    <metrics statements="455" coveredstatements="294" conditionals="92" coveredconditionals="40" methods="86" coveredmethods="65" elements="633" coveredelements="399" complexity="0" loc="455" ncloc="455" packages="5" files="16" classes="16"/>
    <package name="src">
      <metrics statements="9" coveredstatements="9" conditionals="2" coveredconditionals="1" methods="0" coveredmethods="0"/>
      <file name="data-source.ts" path="C:\Users\npike\Desktop\All\University\Assignment Final Drafts\Leave-Booking-API-OOP\src\data-source.ts">
        <metrics statements="9" coveredstatements="9" conditionals="2" coveredconditionals="1" methods="0" coveredmethods="0"/>
        <line num="1" count="3" type="stmt"/>
        <line num="2" count="3" type="stmt"/>
        <line num="3" count="3" type="stmt"/>
        <line num="4" count="3" type="stmt"/>
        <line num="5" count="3" type="stmt"/>
        <line num="6" count="3" type="stmt"/>
        <line num="8" count="3" type="cond" truecount="1" falsecount="1"/>
        <line num="9" count="3" type="stmt"/>
        <line num="11" count="3" type="stmt"/>
      </file>
    </package>
    <package name="src.controllers">
      <metrics statements="293" coveredstatements="147" conditionals="67" coveredconditionals="29" methods="50" coveredmethods="38"/>
      <file name="BaseController.ts" path="C:\Users\npike\Desktop\All\University\Assignment Final Drafts\Leave-Booking-API-OOP\src\controllers\BaseController.ts">
        <metrics statements="6" coveredstatements="6" conditionals="3" coveredconditionals="2" methods="2" coveredmethods="2"/>
        <line num="2" count="3" type="stmt"/>
        <line num="3" count="3" type="stmt"/>
        <line num="5" count="3" type="stmt"/>
        <line num="6" count="44" type="cond" truecount="1" falsecount="0"/>
        <line num="7" count="22" type="cond" truecount="1" falsecount="1"/>
        <line num="9" count="3" type="stmt"/>
      </file>
      <file name="LeaveController.ts" path="C:\Users\npike\Desktop\All\University\Assignment Final Drafts\Leave-Booking-API-OOP\src\controllers\LeaveController.ts">
        <metrics statements="165" coveredstatements="77" conditionals="45" coveredconditionals="22" methods="25" coveredmethods="18"/>
        <line num="2" count="1" type="stmt"/>
        <line num="3" count="1" type="stmt"/>
        <line num="4" count="1" type="stmt"/>
        <line num="5" count="1" type="stmt"/>
        <line num="6" count="1" type="stmt"/>
        <line num="7" count="1" type="stmt"/>
        <line num="8" count="1" type="stmt"/>
        <line num="9" count="1" type="stmt"/>
        <line num="10" count="1" type="stmt"/>
        <line num="15" count="0" type="stmt"/>
        <line num="16" count="0" type="stmt"/>
        <line num="19" count="1" type="stmt"/>
        <line num="23" count="23" type="cond" truecount="2" falsecount="0"/>
        <line num="24" count="23" type="stmt"/>
        <line num="27" count="23" type="stmt"/>
        <line num="29" count="3" type="stmt"/>
        <line num="32" count="3" type="stmt"/>
        <line num="34" count="1" type="stmt"/>
        <line num="35" count="0" type="stmt"/>
        <line num="36" count="0" type="stmt"/>
        <line num="37" count="0" type="stmt"/>
        <line num="38" count="0" type="cond" truecount="0" falsecount="2"/>
        <line num="39" count="0" type="stmt"/>
        <line num="41" count="0" type="stmt"/>
        <line num="43" count="0" type="stmt"/>
        <line num="45" count="3" type="stmt"/>
        <line num="48" count="23" type="stmt"/>
        <line num="50" count="4" type="stmt"/>
        <line num="51" count="4" type="stmt"/>
        <line num="55" count="2" type="stmt"/>
        <line num="57" count="1" type="stmt"/>
        <line num="58" count="1" type="cond" truecount="0" falsecount="1"/>
        <line num="60" count="0" type="stmt"/>
        <line num="63" count="1" type="stmt"/>
        <line num="67" count="1" type="stmt"/>
        <line num="69" count="1" type="cond" truecount="1" falsecount="0"/>
        <line num="71" count="1" type="stmt"/>
        <line num="74" count="0" type="stmt"/>
        <line num="78" count="0" type="stmt"/>
        <line num="80" count="0" type="cond" truecount="0" falsecount="3"/>
        <line num="81" count="0" type="stmt"/>
        <line num="85" count="0" type="stmt"/>
        <line num="86" count="0" type="stmt"/>
        <line num="88" count="0" type="stmt"/>
        <line num="89" count="0" type="stmt"/>
        <line num="90" count="0" type="stmt"/>
        <line num="93" count="0" type="cond" truecount="0" falsecount="1"/>
        <line num="94" count="0" type="stmt"/>
        <line num="97" count="0" type="stmt"/>
        <line num="99" count="0" type="stmt"/>
        <line num="101" count="0" type="stmt"/>
        <line num="103" count="0" type="stmt"/>
        <line num="110" count="3" type="stmt"/>
        <line num="113" count="23" type="stmt"/>
        <line num="116" count="2" type="stmt"/>
        <line num="118" count="1" type="stmt"/>
        <line num="119" count="1" type="cond" truecount="0" falsecount="1"/>
        <line num="120" count="0" type="stmt"/>
        <line num="123" count="1" type="stmt"/>
        <line num="129" count="1" type="cond" truecount="1" falsecount="0"/>
        <line num="130" count="1" type="stmt"/>
        <line num="133" count="0" type="stmt"/>
        <line num="134" count="0" type="stmt"/>
        <line num="139" count="0" type="stmt"/>
        <line num="142" count="0" type="stmt"/>
        <line num="149" count="1" type="stmt"/>
        <line num="152" count="23" type="stmt"/>
        <line num="154" count="0" type="stmt"/>
        <line num="158" count="0" type="cond" truecount="0" falsecount="1"/>
        <line num="160" count="0" type="stmt"/>
        <line num="164" count="0" type="cond" truecount="0" falsecount="1"/>
        <line num="165" count="0" type="stmt"/>
        <line num="168" count="0" type="stmt"/>
        <line num="172" count="0" type="cond" truecount="0" falsecount="1"/>
        <line num="173" count="0" type="stmt"/>
        <line num="174" count="0" type="stmt"/>
        <line num="184" count="0" type="cond" truecount="0" falsecount="1"/>
        <line num="185" count="0" type="stmt"/>
        <line num="187" count="0" type="stmt"/>
        <line num="191" count="0" type="cond" truecount="0" falsecount="1"/>
        <line num="192" count="0" type="stmt"/>
        <line num="194" count="0" type="stmt"/>
        <line num="203" count="0" type="stmt"/>
        <line num="204" count="0" type="stmt"/>
        <line num="206" count="0" type="cond" truecount="0" falsecount="1"/>
        <line num="207" count="0" type="stmt"/>
        <line num="209" count="0" type="stmt"/>
        <line num="219" count="0" type="stmt"/>
        <line num="222" count="23" type="stmt"/>
        <line num="224" count="2" type="stmt"/>
        <line num="225" count="2" type="cond" truecount="1" falsecount="0"/>
        <line num="226" count="1" type="stmt"/>
        <line num="230" count="1" type="stmt"/>
        <line num="236" count="1" type="cond" truecount="1" falsecount="0"/>
        <line num="237" count="1" type="stmt"/>
        <line num="240" count="0" type="stmt"/>
        <line num="243" count="0" type="cond" truecount="0" falsecount="4"/>
        <line num="245" count="0" type="stmt"/>
        <line num="246" count="0" type="stmt"/>
        <line num="248" count="0" type="stmt"/>
        <line num="250" count="0" type="stmt"/>
        <line num="251" count="0" type="stmt"/>
        <line num="262" count="0" type="stmt"/>
        <line num="265" count="23" type="stmt"/>
        <line num="267" count="4" type="cond" truecount="1" falsecount="0"/>
        <line num="268" count="1" type="stmt"/>
        <line num="270" count="3" type="stmt"/>
        <line num="271" count="3" type="stmt"/>
        <line num="272" count="3" type="cond" truecount="3" falsecount="0"/>
        <line num="273" count="2" type="stmt"/>
        <line num="275" count="1" type="stmt"/>
        <line num="278" count="1" type="cond" truecount="1" falsecount="0"/>
        <line num="279" count="1" type="stmt"/>
        <line num="282" count="0" type="stmt"/>
        <line num="283" count="0" type="stmt"/>
        <line num="285" count="0" type="stmt"/>
        <line num="293" count="0" type="stmt"/>
        <line num="296" count="23" type="stmt"/>
        <line num="299" count="4" type="cond" truecount="1" falsecount="0"/>
        <line num="300" count="1" type="stmt"/>
        <line num="302" count="3" type="stmt"/>
        <line num="304" count="3" type="cond" truecount="3" falsecount="0"/>
        <line num="305" count="2" type="stmt"/>
        <line num="308" count="1" type="stmt"/>
        <line num="312" count="1" type="cond" truecount="1" falsecount="0"/>
        <line num="313" count="1" type="stmt"/>
        <line num="316" count="0" type="stmt"/>
        <line num="320" count="0" type="cond" truecount="0" falsecount="1"/>
        <line num="321" count="0" type="stmt"/>
        <line num="323" count="0" type="stmt"/>
        <line num="331" count="0" type="stmt"/>
        <line num="334" count="23" type="stmt"/>
        <line num="336" count="4" type="cond" truecount="1" falsecount="0"/>
        <line num="337" count="1" type="stmt"/>
        <line num="339" count="3" type="stmt"/>
        <line num="341" count="3" type="cond" truecount="3" falsecount="0"/>
        <line num="342" count="2" type="stmt"/>
        <line num="345" count="1" type="stmt"/>
        <line num="349" count="1" type="cond" truecount="1" falsecount="0"/>
        <line num="350" count="1" type="stmt"/>
        <line num="353" count="0" type="stmt"/>
        <line num="356" count="0" type="cond" truecount="0" falsecount="1"/>
        <line num="357" count="0" type="stmt"/>
        <line num="361" count="0" type="stmt"/>
        <line num="362" count="0" type="stmt"/>
        <line num="366" count="0" type="cond" truecount="0" falsecount="1"/>
        <line num="367" count="0" type="stmt"/>
        <line num="369" count="0" type="stmt"/>
        <line num="377" count="0" type="stmt"/>
        <line num="380" count="23" type="stmt"/>
        <line num="382" count="1" type="cond" truecount="1" falsecount="0"/>
        <line num="383" count="1" type="stmt"/>
        <line num="386" count="0" type="stmt"/>
        <line num="390" count="0" type="cond" truecount="0" falsecount="1"/>
        <line num="391" count="0" type="stmt"/>
        <line num="393" count="0" type="stmt"/>
        <line num="399" count="0" type="stmt"/>
        <line num="402" count="23" type="stmt"/>
        <line num="404" count="0" type="stmt"/>
        <line num="407" count="0" type="stmt"/>
        <line num="416" count="0" type="cond" truecount="0" falsecount="1"/>
        <line num="417" count="0" type="stmt"/>
        <line num="419" count="0" type="stmt"/>
        <line num="425" count="0" type="stmt"/>
        <line num="433" count="1" type="stmt"/>
      </file>
      <file name="RoleController.ts" path="C:\Users\npike\Desktop\All\University\Assignment Final Drafts\Leave-Booking-API-OOP\src\controllers\RoleController.ts">
        <metrics statements="18" coveredstatements="13" conditionals="3" coveredconditionals="2" methods="4" coveredmethods="4"/>
        <line num="2" count="1" type="stmt"/>
        <line num="4" count="1" type="stmt"/>
        <line num="5" count="1" type="stmt"/>
        <line num="6" count="1" type="stmt"/>
        <line num="8" count="1" type="stmt"/>
        <line num="9" count="1" type="stmt"/>
        <line num="11" count="1" type="stmt"/>
        <line num="16" count="1" type="cond" truecount="2" falsecount="0"/>
        <line num="17" count="1" type="stmt"/>
        <line num="21" count="1" type="stmt"/>
        <line num="24" count="1" type="stmt"/>
        <line num="25" count="0" type="stmt"/>
        <line num="26" count="0" type="cond" truecount="0" falsecount="1"/>
        <line num="27" count="0" type="stmt"/>
        <line num="28" count="0" type="stmt"/>
        <line num="30" count="0" type="stmt"/>
        <line num="33" count="1" type="stmt"/>
        <line num="37" count="1" type="stmt"/>
      </file>
      <file name="UserController.ts" path="C:\Users\npike\Desktop\All\University\Assignment Final Drafts\Leave-Booking-API-OOP\src\controllers\UserController.ts">
        <metrics statements="104" coveredstatements="51" conditionals="16" coveredconditionals="3" methods="19" coveredmethods="14"/>
        <line num="2" count="1" type="stmt"/>
        <line num="3" count="1" type="stmt"/>
        <line num="5" count="1" type="stmt"/>
        <line num="6" count="1" type="stmt"/>
        <line num="7" count="1" type="stmt"/>
        <line num="8" count="1" type="stmt"/>
        <line num="9" count="1" type="stmt"/>
        <line num="10" count="1" type="stmt"/>
        <line num="11" count="1" type="stmt"/>
        <line num="13" count="1" type="stmt"/>
        <line num="14" count="1" type="stmt"/>
        <line num="15" count="1" type="stmt"/>
        <line num="16" count="1" type="stmt"/>
        <line num="17" count="1" type="stmt"/>
        <line num="18" count="0" type="stmt"/>
        <line num="19" count="1" type="stmt"/>
        <line num="20" count="1" type="stmt"/>
        <line num="22" count="1" type="stmt"/>
        <line num="24" count="1" type="stmt"/>
        <line num="26" count="1" type="stmt"/>
        <line num="27" count="1" type="stmt"/>
        <line num="28" count="0" type="stmt"/>
        <line num="29" count="1" type="stmt"/>
        <line num="30" count="0" type="stmt"/>
        <line num="31" count="1" type="stmt"/>
        <line num="32" count="0" type="stmt"/>
        <line num="33" count="1" type="stmt"/>
        <line num="36" count="15" type="cond" truecount="2" falsecount="0"/>
        <line num="37" count="15" type="stmt"/>
        <line num="40" count="15" type="stmt"/>
        <line num="42" count="2" type="stmt"/>
        <line num="43" count="0" type="stmt"/>
        <line num="47" count="0" type="cond" truecount="0" falsecount="1"/>
        <line num="48" count="0" type="stmt"/>
        <line num="49" count="0" type="stmt"/>
        <line num="52" count="0" type="stmt"/>
        <line num="54" count="2" type="stmt"/>
        <line num="58" count="15" type="stmt"/>
        <line num="62" count="3" type="stmt"/>
        <line num="63" count="0" type="stmt"/>
        <line num="65" count="0" type="cond" truecount="0" falsecount="3"/>
        <line num="66" count="0" type="stmt"/>
        <line num="71" count="0" type="stmt"/>
        <line num="73" count="0" type="stmt"/>
        <line num="77" count="0" type="cond" truecount="0" falsecount="1"/>
        <line num="78" count="0" type="stmt"/>
        <line num="83" count="0" type="stmt"/>
        <line num="86" count="0" type="stmt"/>
        <line num="88" count="3" type="stmt"/>
        <line num="91" count="15" type="stmt"/>
        <line num="95" count="3" type="stmt"/>
        <line num="96" count="0" type="stmt"/>
        <line num="97" count="0" type="cond" truecount="0" falsecount="1"/>
        <line num="98" count="0" type="stmt"/>
        <line num="103" count="0" type="stmt"/>
        <line num="105" count="0" type="stmt"/>
        <line num="109" count="0" type="cond" truecount="0" falsecount="1"/>
        <line num="110" count="0" type="stmt"/>
        <line num="115" count="0" type="stmt"/>
        <line num="118" count="0" type="stmt"/>
        <line num="120" count="3" type="stmt"/>
        <line num="123" count="15" type="stmt"/>
        <line num="125" count="2" type="stmt"/>
        <line num="127" count="0" type="stmt"/>
        <line num="128" count="0" type="stmt"/>
        <line num="129" count="0" type="stmt"/>
        <line num="130" count="0" type="stmt"/>
        <line num="131" count="0" type="stmt"/>
        <line num="132" count="0" type="stmt"/>
        <line num="133" count="0" type="stmt"/>
        <line num="136" count="0" type="stmt"/>
        <line num="137" count="0" type="cond" truecount="0" falsecount="1"/>
        <line num="139" count="0" type="stmt"/>
        <line num="140" count="0" type="cond" truecount="0" falsecount="2"/>
        <line num="144" count="0" type="stmt"/>
        <line num="146" count="0" type="stmt"/>
        <line num="152" count="2" type="stmt"/>
        <line num="155" count="15" type="stmt"/>
        <line num="156" count="2" type="stmt"/>
        <line num="158" count="2" type="stmt"/>
        <line num="160" count="0" type="cond" truecount="0" falsecount="1"/>
        <line num="161" count="0" type="stmt"/>
        <line num="163" count="0" type="stmt"/>
        <line num="164" count="0" type="cond" truecount="0" falsecount="1"/>
        <line num="165" count="0" type="stmt"/>
        <line num="167" count="0" type="stmt"/>
        <line num="169" count="2" type="stmt"/>
        <line num="173" count="15" type="stmt"/>
        <line num="176" count="3" type="stmt"/>
        <line num="178" count="2" type="stmt"/>
        <line num="179" count="2" type="stmt"/>
        <line num="180" count="1" type="stmt"/>
        <line num="181" count="1" type="stmt"/>
        <line num="183" count="1" type="cond" truecount="1" falsecount="0"/>
        <line num="184" count="1" type="stmt"/>
        <line num="187" count="0" type="stmt"/>
        <line num="188" count="0" type="stmt"/>
        <line num="189" count="0" type="cond" truecount="0" falsecount="1"/>
        <line num="190" count="0" type="stmt"/>
        <line num="193" count="0" type="stmt"/>
        <line num="194" count="0" type="stmt"/>
        <line num="195" count="0" type="stmt"/>
        <line num="200" count="2" type="stmt"/>
        <line num="203" count="1" type="stmt"/>
      </file>
    </package>
    <package name="src.entity">
      <metrics statements="47" coveredstatements="37" conditionals="8" coveredconditionals="0" methods="8" coveredmethods="3"/>
      <file name="LeaveRequest.ts" path="C:\Users\npike\Desktop\All\University\Assignment Final Drafts\Leave-Booking-API-OOP\src\entity\LeaveRequest.ts">
        <metrics statements="13" coveredstatements="12" conditionals="0" coveredconditionals="0" methods="2" coveredmethods="1"/>
        <line num="1" count="4" type="stmt"/>
        <line num="10" count="4" type="stmt"/>
        <line num="13" count="4" type="stmt"/>
        <line num="15" count="4" type="stmt"/>
        <line num="17" count="0" type="stmt"/>
        <line num="18" count="4" type="stmt"/>
        <line num="21" count="4" type="stmt"/>
        <line num="24" count="4" type="stmt"/>
        <line num="27" count="4" type="stmt"/>
        <line num="30" count="4" type="stmt"/>
        <line num="33" count="4" type="stmt"/>
        <line num="36" count="4" type="stmt"/>
        <line num="37" count="4" type="stmt"/>
      </file>
      <file name="Role.ts" path="C:\Users\npike\Desktop\All\University\Assignment Final Drafts\Leave-Booking-API-OOP\src\entity\Role.ts">
        <metrics statements="6" coveredstatements="6" conditionals="0" coveredconditionals="0" methods="1" coveredmethods="1"/>
        <line num="1" count="6" type="stmt"/>
        <line num="2" count="6" type="stmt"/>
        <line num="5" count="6" type="stmt"/>
        <line num="7" count="6" type="stmt"/>
        <line num="13" count="6" type="stmt"/>
        <line num="14" count="6" type="stmt"/>
      </file>
      <file name="User.ts" path="C:\Users\npike\Desktop\All\University\Assignment Final Drafts\Leave-Booking-API-OOP\src\entity\User.ts">
        <metrics statements="28" coveredstatements="19" conditionals="8" coveredconditionals="0" methods="5" coveredmethods="1"/>
        <line num="1" count="5" type="stmt"/>
        <line num="8" count="5" type="stmt"/>
        <line num="17" count="5" type="stmt"/>
        <line num="18" count="5" type="stmt"/>
        <line num="19" count="5" type="stmt"/>
        <line num="22" count="5" type="stmt"/>
        <line num="24" count="5" type="stmt"/>
        <line num="28" count="5" type="stmt"/>
        <line num="32" count="5" type="stmt"/>
        <line num="38" count="5" type="stmt"/>
        <line num="42" count="5" type="stmt"/>
        <line num="46" count="5" type="stmt"/>
        <line num="48" count="0" type="stmt"/>
        <line num="50" count="5" type="stmt"/>
        <line num="52" count="0" type="stmt"/>
        <line num="53" count="5" type="stmt"/>
        <line num="59" count="5" type="stmt"/>
        <line num="65" count="5" type="stmt"/>
        <line num="69" count="10" type="stmt"/>
        <line num="70" count="0" type="cond" truecount="0" falsecount="1"/>
        <line num="71" count="0" type="stmt"/>
        <line num="73" count="0" type="stmt"/>
        <line num="76" count="0" type="stmt"/>
        <line num="77" count="0" type="stmt"/>
        <line num="81" count="10" type="stmt"/>
        <line num="82" count="0" type="cond" truecount="0" falsecount="3"/>
        <line num="83" count="0" type="cond" truecount="0" falsecount="4"/>
        <line num="86" count="5" type="stmt"/>
      </file>
    </package>
    <package name="src.helper">
      <metrics statements="73" coveredstatements="68" conditionals="15" coveredconditionals="10" methods="16" coveredmethods="12"/>
      <file name="LeaveHelper.ts" path="C:\Users\npike\Desktop\All\University\Assignment Final Drafts\Leave-Booking-API-OOP\src\helper\LeaveHelper.ts">
        <metrics statements="12" coveredstatements="11" conditionals="5" coveredconditionals="4" methods="2" coveredmethods="2"/>
        <line num="1" count="1" type="stmt"/>
        <line num="2" count="1" type="stmt"/>
        <line num="3" count="3" type="stmt"/>
        <line num="4" count="3" type="stmt"/>
        <line num="5" count="3" type="stmt"/>
        <line num="7" count="3" type="cond" truecount="2" falsecount="1"/>
        <line num="8" count="0" type="stmt"/>
        <line num="10" count="3" type="cond" truecount="1" falsecount="0"/>
        <line num="11" count="1" type="stmt"/>
        <line num="13" count="2" type="cond" truecount="1" falsecount="0"/>
        <line num="14" count="1" type="stmt"/>
        <line num="17" count="1" type="stmt"/>
      </file>
      <file name="Logger.ts" path="C:\Users\npike\Desktop\All\University\Assignment Final Drafts\Leave-Booking-API-OOP\src\helper\Logger.ts">
        <metrics statements="14" coveredstatements="10" conditionals="2" coveredconditionals="1" methods="6" coveredmethods="2"/>
        <line num="1" count="4" type="stmt"/>
        <line num="2" count="4" type="stmt"/>
        <line num="3" count="4" type="stmt"/>
        <line num="19" count="4" type="stmt"/>
        <line num="20" count="0" type="stmt"/>
        <line num="22" count="4" type="stmt"/>
        <line num="23" count="9" type="stmt"/>
        <line num="25" count="4" type="stmt"/>
        <line num="26" count="0" type="stmt"/>
        <line num="28" count="4" type="stmt"/>
        <line num="29" count="0" type="stmt"/>
        <line num="31" count="4" type="stmt"/>
        <line num="32" count="0" type="stmt"/>
        <line num="34" count="4" type="stmt"/>
      </file>
      <file name="PasswordHandler.ts" path="C:\Users\npike\Desktop\All\University\Assignment Final Drafts\Leave-Booking-API-OOP\src\helper\PasswordHandler.ts">
        <metrics statements="13" coveredstatements="13" conditionals="0" coveredconditionals="0" methods="3" coveredmethods="3"/>
        <line num="1" count="6" type="stmt"/>
        <line num="3" count="6" type="stmt"/>
        <line num="4" count="6" type="stmt"/>
        <line num="5" count="6" type="stmt"/>
        <line num="6" count="6" type="stmt"/>
        <line num="8" count="6" type="stmt"/>
        <line num="9" count="2" type="stmt"/>
        <line num="11" count="2" type="stmt"/>
        <line num="17" count="2" type="stmt"/>
        <line num="20" count="6" type="stmt"/>
        <line num="25" count="2" type="stmt"/>
        <line num="30" count="2" type="stmt"/>
        <line num="35" count="6" type="stmt"/>
      </file>
      <file name="ResponseHandler.ts" path="C:\Users\npike\Desktop\All\University\Assignment Final Drafts\Leave-Booking-API-OOP\src\helper\ResponseHandler.ts">
        <metrics statements="15" coveredstatements="15" conditionals="3" coveredconditionals="0" methods="1" coveredmethods="1"/>
        <line num="2" count="4" type="stmt"/>
        <line num="3" count="4" type="stmt"/>
        <line num="4" count="4" type="stmt"/>
        <line num="5" count="4" type="stmt"/>
        <line num="8" count="9" type="cond" truecount="0" falsecount="1"/>
        <line num="11" count="9" type="stmt"/>
        <line num="12" count="9" type="stmt"/>
        <line num="13" count="9" type="stmt"/>
        <line num="21" count="9" type="stmt"/>
        <line num="23" count="4" type="stmt"/>
        <line num="25" count="1" type="cond" truecount="0" falsecount="1"/>
        <line num="26" count="1" type="cond" truecount="0" falsecount="1"/>
        <line num="29" count="1" type="stmt"/>
        <line num="33" count="1" type="stmt"/>
        <line num="35" count="4" type="stmt"/>
      </file>
      <file name="UserHelper.ts" path="C:\Users\npike\Desktop\All\University\Assignment Final Drafts\Leave-Booking-API-OOP\src\helper\UserHelper.ts">
        <metrics statements="19" coveredstatements="19" conditionals="5" coveredconditionals="5" methods="4" coveredmethods="4"/>
        <line num="1" count="3" type="stmt"/>
        <line num="2" count="3" type="stmt"/>
        <line num="5" count="3" type="stmt"/>
        <line num="6" count="3" type="stmt"/>
        <line num="7" count="5" type="stmt"/>
        <line num="8" count="5" type="stmt"/>
        <line num="9" count="5" type="stmt"/>
        <line num="10" count="5" type="cond" truecount="1" falsecount="0"/>
        <line num="11" count="3" type="stmt"/>
        <line num="13" count="2" type="stmt"/>
        <line num="16" count="3" type="stmt"/>
        <line num="17" count="4" type="stmt"/>
        <line num="18" count="4" type="cond" truecount="3" falsecount="0"/>
        <line num="19" count="2" type="stmt"/>
        <line num="22" count="3" type="stmt"/>
        <line num="23" count="16" type="stmt"/>
        <line num="24" count="4" type="cond" truecount="1" falsecount="0"/>
        <line num="25" count="2" type="stmt"/>
        <line num="28" count="3" type="stmt"/>
      </file>
    </package>
    <package name="src.routes">
      <metrics statements="33" coveredstatements="33" conditionals="0" coveredconditionals="0" methods="12" coveredmethods="12"/>
      <file name="LoginRouter.ts" path="C:\Users\npike\Desktop\All\University\Assignment Final Drafts\Leave-Booking-API-OOP\src\routes\LoginRouter.ts">
        <metrics statements="9" coveredstatements="9" conditionals="0" coveredconditionals="0" methods="4" coveredmethods="4"/>
        <line num="4" count="1" type="stmt"/>
        <line num="6" count="1" type="stmt"/>
        <line num="7" count="1" type="stmt"/>
        <line num="9" count="1" type="stmt"/>
        <line num="12" count="1" type="stmt"/>
        <line num="13" count="1" type="stmt"/>
        <line num="15" count="1" type="stmt"/>
        <line num="16" count="1" type="stmt"/>
        <line num="18" count="1" type="stmt"/>
      </file>
      <file name="RoleRouter.ts" path="C:\Users\npike\Desktop\All\University\Assignment Final Drafts\Leave-Booking-API-OOP\src\routes\RoleRouter.ts">
        <metrics statements="9" coveredstatements="9" conditionals="0" coveredconditionals="0" methods="4" coveredmethods="4"/>
        <line num="4" count="1" type="stmt"/>
        <line num="9" count="1" type="stmt"/>
        <line num="10" count="1" type="stmt"/>
        <line num="11" count="1" type="stmt"/>
        <line num="13" count="1" type="stmt"/>
        <line num="14" count="1" type="stmt"/>
        <line num="16" count="1" type="stmt"/>
        <line num="17" count="1" type="stmt"/>
        <line num="19" count="1" type="stmt"/>
      </file>
      <file name="UserRouter.ts" path="C:\Users\npike\Desktop\All\University\Assignment Final Drafts\Leave-Booking-API-OOP\src\routes\UserRouter.ts">
        <metrics statements="15" coveredstatements="15" conditionals="0" coveredconditionals="0" methods="4" coveredmethods="4"/>
        <line num="4" count="1" type="stmt"/>
        <line num="6" count="1" type="stmt"/>
        <line num="7" count="1" type="stmt"/>
        <line num="9" count="1" type="stmt"/>
        <line num="10" count="1" type="stmt"/>
        <line num="13" count="1" type="stmt"/>
        <line num="14" count="1" type="stmt"/>
        <line num="17" count="1" type="stmt"/>
        <line num="19" count="1" type="stmt"/>
        <line num="20" count="1" type="stmt"/>
        <line num="21" count="1" type="stmt"/>
        <line num="24" count="1" type="stmt"/>
        <line num="27" count="1" type="stmt"/>
        <line num="30" count="1" type="stmt"/>
        <line num="32" count="1" type="stmt"/>
      </file>
    </package>
  </project>
</coverage>
